<?xml version="1.0" encoding="UTF-8"?>
<!-- Generated by org.testng.reporters.JUnitReportReporter -->
<testsuite skipped="0" hostname="IPLCEWKS03344" name="com.mla.qa.testcases.AddPublisherPageTest" tests="1" failures="0" timestamp="14 Jun 2019 10:40:52 GMT" time="0.573" errors="0">
  <testcase name="AddNewPublisherDetails" time="0.573" classname="com.mla.qa.testcases.AddPublisherPageTest"/>
</testsuite> <!-- com.mla.qa.testcases.AddPublisherPageTest -->
