<?xml version="1.0" encoding="UTF-8"?>
<!-- Generated by org.testng.reporters.JUnitReportReporter -->
<testsuite skipped="0" hostname="IPLCEWKS03344" name="com.mla.qa.testcases.SearchPublisherPageTest" tests="2" failures="0" timestamp="17 Jun 2019 10:58:40 GMT" time="1.784" errors="0">
  <testcase name="SearchByPublisherName" time="0.245" classname="com.mla.qa.testcases.SearchPublisherPageTest"/>
  <testcase name="SelectAndDeletePubTest" time="1.539" classname="com.mla.qa.testcases.SearchPublisherPageTest"/>
</testsuite> <!-- com.mla.qa.testcases.SearchPublisherPageTest -->
