<?xml version="1.0" encoding="UTF-8"?>
<!-- Generated by org.testng.reporters.JUnitReportReporter -->
<testsuite skipped="0" hostname="IPLCEWKS03344" name="com.mla.qa.testcases.LoginTestPage" tests="3" failures="0" timestamp="11 Jun 2019 12:26:59 GMT" time="0.004" errors="0">
  <testcase name="loginPageTitleTest" time="0.003" classname="com.mla.qa.testcases.LoginTestPage"/>
  <testcase name="mlaLogoImageTest" time="0.001" classname="com.mla.qa.testcases.LoginTestPage"/>
  <testcase name="loginTest" time="0.000" classname="com.mla.qa.testcases.LoginTestPage"/>
</testsuite> <!-- com.mla.qa.testcases.LoginTestPage -->
