<?xml version="1.0" encoding="UTF-8"?>
<!-- Generated by org.testng.reporters.JUnitReportReporter -->
<testsuite skipped="0" hostname="IPLCEWKS03344" name="com.mla.qa.testcases.AddMediaPageTest" tests="4" failures="0" timestamp="19 Jun 2019 06:41:54 GMT" time="145.420" errors="0">
  <testcase name="AddNewMediaDetails" time="38.083" classname="com.mla.qa.testcases.AddMediaPageTest"/>
  <testcase name="AddNewMediaDetails" time="30.794" classname="com.mla.qa.testcases.AddMediaPageTest"/>
  <testcase name="AddNewMediaDetails" time="41.649" classname="com.mla.qa.testcases.AddMediaPageTest"/>
  <testcase name="AddNewMediaDetails" time="34.894" classname="com.mla.qa.testcases.AddMediaPageTest"/>
</testsuite> <!-- com.mla.qa.testcases.AddMediaPageTest -->
