<?xml version="1.0" encoding="UTF-8"?>
<!-- Generated by org.testng.reporters.JUnitReportReporter -->
<testsuite skipped="0" hostname="IPLCEWKS03344" name="com.mla.qa.testcases.LoginTestPage" tests="2" failures="0" timestamp="14 Jun 2019 09:24:20 GMT" time="16.247" errors="0">
  <testcase name="loginPageTitleTest" time="8.167" classname="com.mla.qa.testcases.LoginTestPage"/>
  <testcase name="mlaLogoImageTest" time="8.080" classname="com.mla.qa.testcases.LoginTestPage"/>
</testsuite> <!-- com.mla.qa.testcases.LoginTestPage -->
