<?xml version="1.0" encoding="UTF-8"?>
<!-- Generated by org.testng.reporters.JUnitReportReporter -->
<testsuite skipped="0" hostname="IPLCEWKS03344" name="com.mla.qa.testcases.DashboardTestPage" tests="1" failures="0" timestamp="13 Jun 2019 10:45:19 GMT" time="40.373" errors="0">
  <testcase name="verifyClickOnSearchPublisherTabTest" time="40.373" classname="com.mla.qa.testcases.DashboardTestPage"/>
</testsuite> <!-- com.mla.qa.testcases.DashboardTestPage -->
