<?xml version="1.0" encoding="UTF-8"?>
<!-- Generated by org.testng.reporters.JUnitReportReporter -->
<testsuite skipped="0" hostname="IPLCEWKS03344" name="com.mla.qa.testcases.LoginTestPage" tests="3" failures="0" timestamp="13 Jun 2019 10:13:39 GMT" time="16.710" errors="0">
  <testcase name="loginPageTitleTest" time="0.013" classname="com.mla.qa.testcases.LoginTestPage"/>
  <testcase name="mlaLogoImageTest" time="0.031" classname="com.mla.qa.testcases.LoginTestPage"/>
  <testcase name="loginTest" time="16.666" classname="com.mla.qa.testcases.LoginTestPage"/>
</testsuite> <!-- com.mla.qa.testcases.LoginTestPage -->
