<?xml version="1.0" encoding="UTF-8"?>
<!-- Generated by org.testng.reporters.JUnitReportReporter -->
<testsuite skipped="0" hostname="IPLCEWKS03344" name="com.mla.qa.testcases.LoginTestPage" tests="3" failures="0" timestamp="18 Jun 2019 10:15:20 GMT" time="44.656" errors="0">
  <testcase name="loginPageTitleTest" time="8.867" classname="com.mla.qa.testcases.LoginTestPage"/>
  <testcase name="mlaLogoImageTest" time="9.959" classname="com.mla.qa.testcases.LoginTestPage"/>
  <testcase name="loginTest" time="25.830" classname="com.mla.qa.testcases.LoginTestPage"/>
</testsuite> <!-- com.mla.qa.testcases.LoginTestPage -->
