<?xml version="1.0" encoding="UTF-8"?>
<!-- Generated by org.testng.reporters.JUnitReportReporter -->
<testsuite skipped="0" hostname="IPLCEWKS03344" name="com.mla.qa.testcases.SearchPublisherPageTest" tests="1" failures="0" timestamp="14 Jun 2019 09:24:20 GMT" time="0.242" errors="0">
  <testcase name="SearchByPublisherName" time="0.242" classname="com.mla.qa.testcases.SearchPublisherPageTest"/>
</testsuite> <!-- com.mla.qa.testcases.SearchPublisherPageTest -->
