<?xml version="1.0" encoding="UTF-8"?>
<!-- Generated by org.testng.reporters.JUnitReportReporter -->
<testsuite skipped="0" hostname="IPLCEWKS03344" name="com.mla.qa.testcases.DashboardTestPage" tests="5" failures="0" timestamp="17 Jun 2019 10:58:40 GMT" time="142.130" errors="0">
  <testcase name="VerifydashboardPagetitleTest" time="21.790" classname="com.mla.qa.testcases.DashboardTestPage"/>
  <testcase name="verifyDashboardScreenLableTest" time="22.985" classname="com.mla.qa.testcases.DashboardTestPage"/>
  <testcase name="verifyClickOnThesWorkFlowIconTest" time="30.885" classname="com.mla.qa.testcases.DashboardTestPage"/>
  <testcase name="verifyClickOnAppPublisherIconTest" time="30.827" classname="com.mla.qa.testcases.DashboardTestPage"/>
  <testcase name="verifyClickOnSearchPublisherTabTest" time="35.643" classname="com.mla.qa.testcases.DashboardTestPage"/>
</testsuite> <!-- com.mla.qa.testcases.DashboardTestPage -->
